
=== Mon Jan 13 20:09:06 2025

Packages were changed.
Update Mode: mergeDefaultDependencies

The following packages were 추가됨:
  com.unity.modules.ai@1.0.0
  com.unity.modules.androidjni@1.0.0
  com.unity.modules.animation@1.0.0
  com.unity.modules.assetbundle@1.0.0
  com.unity.modules.audio@1.0.0
  com.unity.modules.cloth@1.0.0
  com.unity.modules.director@1.0.0
  com.unity.modules.imageconversion@1.0.0
  com.unity.modules.imgui@1.0.0
  com.unity.modules.jsonserialize@1.0.0
  com.unity.modules.particlesystem@1.0.0
  com.unity.modules.physics@1.0.0
  com.unity.modules.physics2d@1.0.0
  com.unity.modules.screencapture@1.0.0
  com.unity.modules.terrain@1.0.0
  com.unity.modules.terrainphysics@1.0.0
  com.unity.modules.tilemap@1.0.0
  com.unity.modules.ui@1.0.0
  com.unity.modules.uielements@1.0.0
  com.unity.modules.umbra@1.0.0
  com.unity.modules.unityanalytics@1.0.0
  com.unity.modules.unitywebrequest@1.0.0
  com.unity.modules.unitywebrequestassetbundle@1.0.0
  com.unity.modules.unitywebrequestaudio@1.0.0
  com.unity.modules.unitywebrequesttexture@1.0.0
  com.unity.modules.unitywebrequestwww@1.0.0
  com.unity.modules.vehicles@1.0.0
  com.unity.modules.video@1.0.0
  com.unity.modules.vr@1.0.0
  com.unity.modules.wind@1.0.0
  com.unity.modules.xr@1.0.0
The following packages were 업데이트됨:
  com.unity.collab-proxy 1.13.5 버전에서 2.2.0버전으로  com.unity.timeline 1.6.2 버전에서 1.7.6버전으로  com.unity.visualscripting 1.7.6 버전에서 1.9.1버전으로
=== Mon Jan 13 21:15:34 2025

Packages were changed.
Update Mode: updateDependencies

The following packages were 업데이트됨:
  com.unity.collab-proxy 1.2.16 버전에서 2.2.0버전으로  com.unity.ide.rider 1.1.4 버전에서 3.0.27버전으로  com.unity.ide.vscode 1.1.4 버전에서 1.2.5버전으로  com.unity.test-framework 1.1.11 버전에서 1.1.33버전으로  com.unity.textmeshpro 2.0.1 버전에서 3.0.6버전으로  com.unity.timeline 1.2.13 버전에서 1.7.6버전으로
=== Mon Jan 13 21:15:35 2025

Packages were changed.
Update Mode: mergeDefaultDependencies

The following packages were 추가됨:
  com.unity.ide.rider@3.0.27
  com.unity.ide.vscode@1.2.5
  com.unity.test-framework@1.1.33
